<?xml version="1.0" encoding="UTF-8"?>
<testsuite xmlns:xsi="http://www.w3.org/2001/XMLSchema-instance" xsi:noNamespaceSchemaLocation="https://maven.apache.org/surefire/maven-surefire-plugin/xsd/surefire-test-report.xsd" name="calculator.AppTest" time="0.033" tests="1" errors="0" skipped="0" failures="0">
  <properties>
    <property name="sun.desktop" value="windows"/>
    <property name="awt.toolkit" value="sun.awt.windows.WToolkit"/>
    <property name="java.specification.version" value="11"/>
    <property name="sun.cpu.isalist" value="amd64"/>
    <property name="sun.jnu.encoding" value="Cp1252"/>
    <property name="java.class.path" value="E:\my_calculator\my_calculator\target\test-classes;E:\my_calculator\my_calculator\target\classes;C:\Users\manan\.m2\repository\junit\junit\4.11\junit-4.11.jar;C:\Users\manan\.m2\repository\org\hamcrest\hamcrest-core\1.3\hamcrest-core-1.3.jar;C:\Users\manan\.m2\repository\org\junit\jupiter\junit-jupiter-api\5.0.0-M5\junit-jupiter-api-5.0.0-M5.jar;C:\Users\manan\.m2\repository\org\opentest4j\opentest4j\1.0.0-M2\opentest4j-1.0.0-M2.jar;C:\Users\manan\.m2\repository\org\junit\platform\junit-platform-commons\1.0.0-M5\junit-platform-commons-1.0.0-M5.jar;"/>
    <property name="java.vm.vendor" value="Oracle Corporation"/>
    <property name="sun.arch.data.model" value="64"/>
    <property name="user.variant" value=""/>
    <property name="java.vendor.url" value="https://openjdk.java.net/"/>
    <property name="user.timezone" value="Asia/Calcutta"/>
    <property name="java.vm.specification.version" value="11"/>
    <property name="os.name" value="Windows 10"/>
    <property name="sun.java.launcher" value="SUN_STANDARD"/>
    <property name="user.country" value="IN"/>
    <property name="sun.boot.library.path" value="C:\Program Files\Java\jdk-11.0.13\bin"/>
    <property name="sun.java.command" value="C:\Users\manan\AppData\Local\Temp\surefire14826644804513079072\surefirebooter8122632323738513202.jar C:\Users\manan\AppData\Local\Temp\surefire14826644804513079072 2022-05-15T15-29-28_581-jvmRun1 surefire7363471966603632203tmp surefire_015573879028805961715tmp"/>
    <property name="jdk.debug" value="release"/>
    <property name="surefire.test.class.path" value="E:\my_calculator\my_calculator\target\test-classes;E:\my_calculator\my_calculator\target\classes;C:\Users\manan\.m2\repository\junit\junit\4.11\junit-4.11.jar;C:\Users\manan\.m2\repository\org\hamcrest\hamcrest-core\1.3\hamcrest-core-1.3.jar;C:\Users\manan\.m2\repository\org\junit\jupiter\junit-jupiter-api\5.0.0-M5\junit-jupiter-api-5.0.0-M5.jar;C:\Users\manan\.m2\repository\org\opentest4j\opentest4j\1.0.0-M2\opentest4j-1.0.0-M2.jar;C:\Users\manan\.m2\repository\org\junit\platform\junit-platform-commons\1.0.0-M5\junit-platform-commons-1.0.0-M5.jar;"/>
    <property name="sun.cpu.endian" value="little"/>
    <property name="user.home" value="C:\Users\manan"/>
    <property name="user.language" value="en"/>
    <property name="java.specification.vendor" value="Oracle Corporation"/>
    <property name="java.version.date" value="2021-10-19"/>
    <property name="java.home" value="C:\Program Files\Java\jdk-11.0.13"/>
    <property name="file.separator" value="\"/>
    <property name="basedir" value="E:\my_calculator\my_calculator"/>
    <property name="java.vm.compressedOopsMode" value="Zero based"/>
    <property name="line.separator" value="&#10;"/>
    <property name="java.specification.name" value="Java Platform API Specification"/>
    <property name="java.vm.specification.vendor" value="Oracle Corporation"/>
    <property name="java.awt.graphicsenv" value="sun.awt.Win32GraphicsEnvironment"/>
    <property name="surefire.real.class.path" value="C:\Users\manan\AppData\Local\Temp\surefire14826644804513079072\surefirebooter8122632323738513202.jar"/>
    <property name="user.script" value=""/>
    <property name="sun.management.compiler" value="HotSpot 64-Bit Tiered Compilers"/>
    <property name="java.runtime.version" value="11.0.13+10-LTS-370"/>
    <property name="user.name" value="manan"/>
    <property name="path.separator" value=";"/>
    <property name="os.version" value="10.0"/>
    <property name="java.runtime.name" value="Java(TM) SE Runtime Environment"/>
    <property name="file.encoding" value="Cp1252"/>
    <property name="java.vm.name" value="Java HotSpot(TM) 64-Bit Server VM"/>
    <property name="java.vendor.version" value="18.9"/>
    <property name="localRepository" value="C:\Users\manan\.m2\repository"/>
    <property name="java.vendor.url.bug" value="https://bugreport.java.com/bugreport/"/>
    <property name="java.io.tmpdir" value="C:\Users\manan\AppData\Local\Temp\"/>
    <property name="java.version" value="11.0.13"/>
    <property name="user.dir" value="E:\my_calculator\my_calculator"/>
    <property name="os.arch" value="amd64"/>
    <property name="java.vm.specification.name" value="Java Virtual Machine Specification"/>
    <property name="java.awt.printerjob" value="sun.awt.windows.WPrinterJob"/>
    <property name="sun.os.patch.level" value=""/>
    <property name="java.library.path" value="C:\Program Files\Java\jdk-11.0.13\bin;C:\WINDOWS\Sun\Java\bin;C:\WINDOWS\system32;C:\WINDOWS;C:\Program Files\Common Files\Oracle\Java\javapath;C:\Program Files (x86)\VMware\VMware Player\bin\;C:\Python\Scripts\;C:\Python\;C:\Program Files (x86)\Common Files\Oracle\Java\javapath;C:\windows\system32;C:\windows;C:\windows\System32\Wbem;C:\windows\System32\WindowsPowerShell\v1.0\;C:\windows\System32\OpenSSH\;C:\Program Files (x86)\NVIDIA Corporation\PhysX\Common;C:\Program Files\NVIDIA Corporation\NVIDIA NvDLISR;C:\Program Files\Git\cmd;C:\Program Files\nodejs\;C:\WINDOWS\system32;C:\WINDOWS;C:\WINDOWS\System32\Wbem;C:\WINDOWS\System32\WindowsPowerShell\v1.0\;C:\WINDOWS\System32\OpenSSH\;C:\Program Files\Git\bin;C:\Program Files\Amazon\AWSCLIV2\;C:\Program Files\PuTTY\;C:\Program Files\Java\jre1.8.0_321\bin;C:\Program Files\TortoiseGit\bin;C:\Program Files (x86)\dotnet\;C:\Program Files\dotnet\;C:\Users\manan\AppData\Local\Microsoft\WindowsApps;C:\Users\manan\AppData\Local\Programs\Microsoft VS Code\bin;C:\Users\manan\AppData\Local\hyper\app-3.0.2\resources\bin;C:\Users\manan\AppData\Roaming\npm;C:\Program Files\heroku\bin;C:\Users\manan\AppData\Local\GitHubDesktop\bin;C:\Spark\spark-3.1.2-bin-hadoop3.2\bin;C:\Hadoop\bin;C:\Program Files\Java\jdk-11.0.13;C:\Program Files\apache-maven-3.8.4\bin;C:\Program Files\apache-maven-3.8.4;C:\Program Files\apache-maven-3.8.4\bin;C:\Program Files\Java\jdk-11.0.13\bin;."/>
    <property name="java.vendor" value="Oracle Corporation"/>
    <property name="java.vm.info" value="mixed mode"/>
    <property name="java.vm.version" value="11.0.13+10-LTS-370"/>
    <property name="sun.io.unicode.encoding" value="UnicodeLittle"/>
    <property name="java.class.version" value="55.0"/>
  </properties>
  <testcase name="shouldAnswerWithTrue" classname="calculator.AppTest" time="0.001"/>
</testsuite>